<?xml version="1.0" encoding="UTF-8"?>
<!-- Generated by org.testng.reporters.JUnitXMLReporter -->
<testsuite ignored="0" hostname="ubuntu-4gb-hel1-1" failures="0" tests="5" name="Command line test" time="2.172" errors="0" timestamp="2026-06-19T05:38:30 UTC">
  <testcase classname="com.stv.design.designtests.BasicTest" name="@BeforeClass setUp" time="0.004">
    <failure type="org.openqa.selenium.NoSuchSessionException" message="Session ID is null. Using WebDriver after calling quit()?
Build info: version: &amp;apos;4.21.0&amp;apos;, revision: &amp;apos;79ed462ef4&amp;apos;
System info: os.name: &amp;apos;Linux&amp;apos;, os.arch: &amp;apos;amd64&amp;apos;, os.version: &amp;apos;6.8.0-101-generic&amp;apos;, java.version: &amp;apos;21.0.11&amp;apos;
Driver info: org.openqa.selenium.chrome.ChromeDriver
Command: [null, get {url=https://parabank.parasoft.com/parabank/index.htm}]
Capabilities {acceptInsecureCerts: false, browserName: chrome, browserVersion: 149.0.7827.155, chrome: {chromedriverVersion: 149.0.7827.155 (07b52360cc1..., userDataDir: /tmp/org.chromium.Chromium....}, fedcm:accounts: true, goog:chromeOptions: {debuggerAddress: localhost:40563}, goog:processID: 2613529, networkConnectionEnabled: false, pageLoadStrategy: normal, platformName: linux, proxy: Proxy(), se:cdp: ws://localhost:40563/devtoo..., se:cdpVersion: 149.0.7827.155, setWindowRect: true, strictFileInteractability: false, timeouts: {implicit: 0, pageLoad: 300000, script: 30000}, unhandledPromptBehavior: dismiss and notify, webauthn:extension:credBlob: true, webauthn:extension:largeBlob: true, webauthn:extension:minPinLength: true, webauthn:extension:prf: true, webauthn:virtualAuthenticators: true}">
      <![CDATA[org.openqa.selenium.NoSuchSessionException: Session ID is null. Using WebDriver after calling quit()?
Build info: version: '4.21.0', revision: '79ed462ef4'
System info: os.name: 'Linux', os.arch: 'amd64', os.version: '6.8.0-101-generic', java.version: '21.0.11'
Driver info: org.openqa.selenium.chrome.ChromeDriver
Command: [null, get {url=https://parabank.parasoft.com/parabank/index.htm}]
Capabilities {acceptInsecureCerts: false, browserName: chrome, browserVersion: 149.0.7827.155, chrome: {chromedriverVersion: 149.0.7827.155 (07b52360cc1..., userDataDir: /tmp/org.chromium.Chromium....}, fedcm:accounts: true, goog:chromeOptions: {debuggerAddress: localhost:40563}, goog:processID: 2613529, networkConnectionEnabled: false, pageLoadStrategy: normal, platformName: linux, proxy: Proxy(), se:cdp: ws://localhost:40563/devtoo..., se:cdpVersion: 149.0.7827.155, setWindowRect: true, strictFileInteractability: false, timeouts: {implicit: 0, pageLoad: 300000, script: 30000}, unhandledPromptBehavior: dismiss and notify, webauthn:extension:credBlob: true, webauthn:extension:largeBlob: true, webauthn:extension:minPinLength: true, webauthn:extension:prf: true, webauthn:virtualAuthenticators: true}
at org.openqa.selenium.remote.HttpCommandExecutor.execute(HttpCommandExecutor.java:151)
at org.openqa.selenium.remote.service.DriverCommandExecutor.invokeExecute(DriverCommandExecutor.java:216)
at org.openqa.selenium.remote.service.DriverCommandExecutor.execute(DriverCommandExecutor.java:174)
at org.openqa.selenium.remote.RemoteWebDriver.execute(RemoteWebDriver.java:518)
at org.openqa.selenium.remote.RemoteWebDriver.get(RemoteWebDriver.java:300)
at com.stv.design.designtests.BasicTest.setUp(BasicTest.java:21)
at java.base/java.util.ArrayList.forEach(ArrayList.java:1596)
... Removed 31 stack frames]]>
    </failure>
  </testcase> <!-- @BeforeClass setUp -->
  <testcase classname="com.stv.design.designtests.BasicTest" name="@AfterClass afterClass" time="0.0">
    <skipped/>
  </testcase> <!-- @AfterClass afterClass -->
  <testcase classname="com.stv.design.designtests.BasicTest" name="@BeforeClass setUp" time="0.001">
    <failure type="org.openqa.selenium.NoSuchSessionException" message="Session ID is null. Using WebDriver after calling quit()?
Build info: version: &amp;apos;4.21.0&amp;apos;, revision: &amp;apos;79ed462ef4&amp;apos;
System info: os.name: &amp;apos;Linux&amp;apos;, os.arch: &amp;apos;amd64&amp;apos;, os.version: &amp;apos;6.8.0-101-generic&amp;apos;, java.version: &amp;apos;21.0.11&amp;apos;
Driver info: org.openqa.selenium.chrome.ChromeDriver
Command: [null, get {url=https://parabank.parasoft.com/parabank/index.htm}]
Capabilities {acceptInsecureCerts: false, browserName: chrome, browserVersion: 149.0.7827.155, chrome: {chromedriverVersion: 149.0.7827.155 (07b52360cc1..., userDataDir: /tmp/org.chromium.Chromium....}, fedcm:accounts: true, goog:chromeOptions: {debuggerAddress: localhost:40563}, goog:processID: 2613529, networkConnectionEnabled: false, pageLoadStrategy: normal, platformName: linux, proxy: Proxy(), se:cdp: ws://localhost:40563/devtoo..., se:cdpVersion: 149.0.7827.155, setWindowRect: true, strictFileInteractability: false, timeouts: {implicit: 0, pageLoad: 300000, script: 30000}, unhandledPromptBehavior: dismiss and notify, webauthn:extension:credBlob: true, webauthn:extension:largeBlob: true, webauthn:extension:minPinLength: true, webauthn:extension:prf: true, webauthn:virtualAuthenticators: true}">
      <![CDATA[org.openqa.selenium.NoSuchSessionException: Session ID is null. Using WebDriver after calling quit()?
Build info: version: '4.21.0', revision: '79ed462ef4'
System info: os.name: 'Linux', os.arch: 'amd64', os.version: '6.8.0-101-generic', java.version: '21.0.11'
Driver info: org.openqa.selenium.chrome.ChromeDriver
Command: [null, get {url=https://parabank.parasoft.com/parabank/index.htm}]
Capabilities {acceptInsecureCerts: false, browserName: chrome, browserVersion: 149.0.7827.155, chrome: {chromedriverVersion: 149.0.7827.155 (07b52360cc1..., userDataDir: /tmp/org.chromium.Chromium....}, fedcm:accounts: true, goog:chromeOptions: {debuggerAddress: localhost:40563}, goog:processID: 2613529, networkConnectionEnabled: false, pageLoadStrategy: normal, platformName: linux, proxy: Proxy(), se:cdp: ws://localhost:40563/devtoo..., se:cdpVersion: 149.0.7827.155, setWindowRect: true, strictFileInteractability: false, timeouts: {implicit: 0, pageLoad: 300000, script: 30000}, unhandledPromptBehavior: dismiss and notify, webauthn:extension:credBlob: true, webauthn:extension:largeBlob: true, webauthn:extension:minPinLength: true, webauthn:extension:prf: true, webauthn:virtualAuthenticators: true}
at org.openqa.selenium.remote.HttpCommandExecutor.execute(HttpCommandExecutor.java:151)
at org.openqa.selenium.remote.service.DriverCommandExecutor.invokeExecute(DriverCommandExecutor.java:216)
at org.openqa.selenium.remote.service.DriverCommandExecutor.execute(DriverCommandExecutor.java:174)
at org.openqa.selenium.remote.RemoteWebDriver.execute(RemoteWebDriver.java:518)
at org.openqa.selenium.remote.RemoteWebDriver.get(RemoteWebDriver.java:300)
at com.stv.design.designtests.BasicTest.setUp(BasicTest.java:21)
at java.base/java.util.ArrayList.forEach(ArrayList.java:1596)
... Removed 31 stack frames]]>
    </failure>
  </testcase> <!-- @BeforeClass setUp -->
  <testcase classname="com.stv.design.designtests.BasicTest" name="@AfterClass afterClass" time="0.0">
    <skipped/>
  </testcase> <!-- @AfterClass afterClass -->
  <testcase classname="com.stv.design.designtests.MainTest" name="assertParaBankIconIsDisplayed" time="0.037"/>
  <testcase classname="com.stv.factory.factorytests.FactoryContactUsTest" name="testContactUsEmptyFieldsValidation" time="0.0">
    <skipped/>
  </testcase> <!-- testContactUsEmptyFieldsValidation -->
  <testcase classname="com.stv.factory.factorytests.FactoryContactUsTest" name="testContactUsValidSubmission" time="0.0">
    <skipped/>
  </testcase> <!-- testContactUsValidSubmission -->
  <testcase classname="com.stv.factory.factorytests.FactoryMainTest" name="testLogoVisibility" time="0.0">
    <skipped/>
  </testcase> <!-- testLogoVisibility -->
  <testcase classname="com.stv.factory.factorytests.FactoryMainTest" name="testNavigationToRegistration" time="0.0">
    <skipped/>
  </testcase> <!-- testNavigationToRegistration -->
</testsuite> <!-- Command line test -->
